<?xml version="1.0" encoding="UTF-8"?>
<!-- Generated by org.testng.reporters.JUnitReportReporter -->
<testsuite hostname="Yash" failures="0" tests="3" name="TestNg.DemoLogin" time="2.825" errors="0" timestamp="2024-10-01T13:18:46 IST" skipped="0">
  <testcase classname="TestNg.DemoLogin" name="Fullname" time="0.132"/>
  <system-out/>
  <testcase classname="TestNg.DemoLogin" name="Email" time="0.119"/>
  <system-out/>
  <testcase classname="TestNg.DemoLogin" name="Click_SignUp" time="2.574"/>
  <system-out/>
</testsuite> <!-- TestNg.DemoLogin -->
