<?xml version="1.0" encoding="UTF-8"?>
<!-- Generated by org.testng.reporters.JUnitReportReporter -->
<testsuite hostname="Yash" failures="0" tests="3" name="TestNg.DemoLogin" time="1.882" errors="0" timestamp="2024-09-24T13:24:10 IST" skipped="0">
  <testcase classname="TestNg.DemoLogin" name="Fullname" time="0.157"/>
  <system-out/>
  <testcase classname="TestNg.DemoLogin" name="Email" time="0.116"/>
  <system-out/>
  <testcase classname="TestNg.DemoLogin" name="Click_SignUp" time="1.609"/>
  <system-out/>
</testsuite> <!-- TestNg.DemoLogin -->
